0 info it worked if it ends with ok
1 verbose cli [ 'C:\\Program Files\\nodejs\\\\node.exe',
1 verbose cli   'C:\\Program Files\\nodejs\\node_modules\\npm\\bin\\npm-cli.js',
1 verbose cli   'install' ]
2 info using npm@2.11.3
3 info using node@v0.12.7
4 verbose readDependencies loading dependencies from D:\AP_AWS_MOCKLOCATION_APPIUM1.5\appium\node_modules\appium-android-uiautomator2\package.json
5 verbose install where, deps [ 'D:\\AP_AWS_MOCKLOCATION_APPIUM1.5\\appium\\node_modules\\appium-android-uiautomator2',
5 verbose install   [ 'appium-logger',
5 verbose install     'appium-uiautomator',
5 verbose install     'babel-runtime',
5 verbose install     'bluebird',
5 verbose install     'lodash',
5 verbose install     'mobile-json-wire-protocol',
5 verbose install     'net',
5 verbose install     'source-map-support',
5 verbose install     'teen_process',
5 verbose install     'appium-adb',
5 verbose install     'appium-gulp-plugins',
5 verbose install     'appium-test-support',
5 verbose install     'chai',
5 verbose install     'chai-as-promised',
5 verbose install     'gulp' ] ]
6 verbose install where, peers [ 'D:\\AP_AWS_MOCKLOCATION_APPIUM1.5\\appium\\node_modules\\appium-android-uiautomator2',
6 verbose install   [] ]
7 verbose installManyTop reading for lifecycle D:\AP_AWS_MOCKLOCATION_APPIUM1.5\appium\node_modules\appium-android-uiautomator2\package.json
8 info preinstall appium-android-uiautomator2@2.5.0
9 verbose installManyTop reading scoped package data from D:\AP_AWS_MOCKLOCATION_APPIUM1.5\appium\node_modules\appium-android-uiautomator2\node_modules\appium-adb\package.json
10 verbose installManyTop reading scoped package data from D:\AP_AWS_MOCKLOCATION_APPIUM1.5\appium\node_modules\appium-android-uiautomator2\node_modules\appium-gulp-plugins\package.json
11 verbose installManyTop reading scoped package data from D:\AP_AWS_MOCKLOCATION_APPIUM1.5\appium\node_modules\appium-android-uiautomator2\node_modules\appium-logger\package.json
12 verbose installManyTop reading scoped package data from D:\AP_AWS_MOCKLOCATION_APPIUM1.5\appium\node_modules\appium-android-uiautomator2\node_modules\appium-test-support\package.json
13 verbose installManyTop reading scoped package data from D:\AP_AWS_MOCKLOCATION_APPIUM1.5\appium\node_modules\appium-android-uiautomator2\node_modules\appium-uiautomator\package.json
14 verbose installManyTop reading scoped package data from D:\AP_AWS_MOCKLOCATION_APPIUM1.5\appium\node_modules\appium-android-uiautomator2\node_modules\babel-runtime\package.json
15 verbose installManyTop reading scoped package data from D:\AP_AWS_MOCKLOCATION_APPIUM1.5\appium\node_modules\appium-android-uiautomator2\node_modules\bluebird\package.json
16 verbose installManyTop reading scoped package data from D:\AP_AWS_MOCKLOCATION_APPIUM1.5\appium\node_modules\appium-android-uiautomator2\node_modules\chai\package.json
17 verbose installManyTop reading scoped package data from D:\AP_AWS_MOCKLOCATION_APPIUM1.5\appium\node_modules\appium-android-uiautomator2\node_modules\chai-as-promised\package.json
18 verbose installManyTop reading scoped package data from D:\AP_AWS_MOCKLOCATION_APPIUM1.5\appium\node_modules\appium-android-uiautomator2\node_modules\gulp\package.json
19 verbose installManyTop reading scoped package data from D:\AP_AWS_MOCKLOCATION_APPIUM1.5\appium\node_modules\appium-android-uiautomator2\node_modules\lodash\package.json
20 verbose installManyTop reading scoped package data from D:\AP_AWS_MOCKLOCATION_APPIUM1.5\appium\node_modules\appium-android-uiautomator2\node_modules\mobile-json-wire-protocol\package.json
21 verbose installManyTop reading scoped package data from D:\AP_AWS_MOCKLOCATION_APPIUM1.5\appium\node_modules\appium-android-uiautomator2\node_modules\net\package.json
22 verbose installManyTop reading scoped package data from D:\AP_AWS_MOCKLOCATION_APPIUM1.5\appium\node_modules\appium-android-uiautomator2\node_modules\source-map-support\package.json
23 verbose installManyTop reading scoped package data from D:\AP_AWS_MOCKLOCATION_APPIUM1.5\appium\node_modules\appium-android-uiautomator2\node_modules\teen_process\package.json
24 info package.json net@1.0.2 net is also the name of a node core module.
25 info package.json net@1.0.2 'repositories' (plural) Not supported. Please pick one as the 'repository' field
26 info package.json net@1.0.2 license should be a valid SPDX license expression
27 verbose readDependencies loading dependencies from D:\AP_AWS_MOCKLOCATION_APPIUM1.5\appium\node_modules\appium-android-uiautomator2\package.json
28 verbose targetResolver reading package data from D:\AP_AWS_MOCKLOCATION_APPIUM1.5\appium\node_modules\appium-android-uiautomator2\node_modules\appium-adb\package.json
29 verbose targetResolver reading package data from D:\AP_AWS_MOCKLOCATION_APPIUM1.5\appium\node_modules\appium-android-uiautomator2\node_modules\appium-gulp-plugins\package.json
30 verbose targetResolver reading package data from D:\AP_AWS_MOCKLOCATION_APPIUM1.5\appium\node_modules\appium-android-uiautomator2\node_modules\appium-logger\package.json
31 verbose targetResolver reading package data from D:\AP_AWS_MOCKLOCATION_APPIUM1.5\appium\node_modules\appium-android-uiautomator2\node_modules\appium-test-support\package.json
32 verbose targetResolver reading package data from D:\AP_AWS_MOCKLOCATION_APPIUM1.5\appium\node_modules\appium-android-uiautomator2\node_modules\appium-uiautomator\package.json
33 verbose targetResolver reading package data from D:\AP_AWS_MOCKLOCATION_APPIUM1.5\appium\node_modules\appium-android-uiautomator2\node_modules\babel-runtime\package.json
34 verbose targetResolver reading package data from D:\AP_AWS_MOCKLOCATION_APPIUM1.5\appium\node_modules\appium-android-uiautomator2\node_modules\bluebird\package.json
35 verbose targetResolver reading package data from D:\AP_AWS_MOCKLOCATION_APPIUM1.5\appium\node_modules\appium-android-uiautomator2\node_modules\chai\package.json
36 verbose targetResolver reading package data from D:\AP_AWS_MOCKLOCATION_APPIUM1.5\appium\node_modules\appium-android-uiautomator2\node_modules\chai-as-promised\package.json
37 verbose targetResolver reading package data from D:\AP_AWS_MOCKLOCATION_APPIUM1.5\appium\node_modules\appium-android-uiautomator2\node_modules\gulp\package.json
38 verbose targetResolver reading package data from D:\AP_AWS_MOCKLOCATION_APPIUM1.5\appium\node_modules\appium-android-uiautomator2\node_modules\lodash\package.json
39 verbose targetResolver reading package data from D:\AP_AWS_MOCKLOCATION_APPIUM1.5\appium\node_modules\appium-android-uiautomator2\node_modules\mobile-json-wire-protocol\package.json
40 verbose targetResolver reading package data from D:\AP_AWS_MOCKLOCATION_APPIUM1.5\appium\node_modules\appium-android-uiautomator2\node_modules\net\package.json
41 verbose targetResolver reading package data from D:\AP_AWS_MOCKLOCATION_APPIUM1.5\appium\node_modules\appium-android-uiautomator2\node_modules\source-map-support\package.json
42 verbose targetResolver reading package data from D:\AP_AWS_MOCKLOCATION_APPIUM1.5\appium\node_modules\appium-android-uiautomator2\node_modules\teen_process\package.json
43 verbose targetResolver reading package data from D:\AP_AWS_MOCKLOCATION_APPIUM1.5\appium\node_modules\appium-android-uiautomator2\node_modules\.bin\gulp\package.json
44 verbose targetResolver reading package data from D:\AP_AWS_MOCKLOCATION_APPIUM1.5\appium\node_modules\appium-android-uiautomator2\node_modules\.bin\gulp.cmd\package.json
45 verbose already installed skipping chai@^3.3.0 D:\AP_AWS_MOCKLOCATION_APPIUM1.5\appium\node_modules\appium-android-uiautomator2
46 verbose already installed skipping chai-as-promised@^5.1.0 D:\AP_AWS_MOCKLOCATION_APPIUM1.5\appium\node_modules\appium-android-uiautomator2
47 verbose already installed skipping gulp@^3.9.0 D:\AP_AWS_MOCKLOCATION_APPIUM1.5\appium\node_modules\appium-android-uiautomator2
48 verbose already installed skipping appium-logger@^2.1.0 D:\AP_AWS_MOCKLOCATION_APPIUM1.5\appium\node_modules\appium-android-uiautomator2
49 verbose already installed skipping appium-uiautomator@^1.1.0 D:\AP_AWS_MOCKLOCATION_APPIUM1.5\appium\node_modules\appium-android-uiautomator2
50 verbose already installed skipping babel-runtime@=5.8.24 D:\AP_AWS_MOCKLOCATION_APPIUM1.5\appium\node_modules\appium-android-uiautomator2
51 verbose already installed skipping bluebird@^2.10.2 D:\AP_AWS_MOCKLOCATION_APPIUM1.5\appium\node_modules\appium-android-uiautomator2
52 verbose already installed skipping lodash@^3.10.0 D:\AP_AWS_MOCKLOCATION_APPIUM1.5\appium\node_modules\appium-android-uiautomator2
53 verbose already installed skipping mobile-json-wire-protocol@^1.2.0 D:\AP_AWS_MOCKLOCATION_APPIUM1.5\appium\node_modules\appium-android-uiautomator2
54 verbose already installed skipping net@^1.0.2 D:\AP_AWS_MOCKLOCATION_APPIUM1.5\appium\node_modules\appium-android-uiautomator2
55 verbose already installed skipping source-map-support@^0.3.2 D:\AP_AWS_MOCKLOCATION_APPIUM1.5\appium\node_modules\appium-android-uiautomator2
56 verbose already installed skipping teen_process@^1.3.1 D:\AP_AWS_MOCKLOCATION_APPIUM1.5\appium\node_modules\appium-android-uiautomator2
57 verbose already installed skipping appium-adb@^2.3.0 D:\AP_AWS_MOCKLOCATION_APPIUM1.5\appium\node_modules\appium-android-uiautomator2
58 verbose already installed skipping appium-gulp-plugins@^1.3.12 D:\AP_AWS_MOCKLOCATION_APPIUM1.5\appium\node_modules\appium-android-uiautomator2
59 verbose already installed skipping appium-test-support@^0.0.5 D:\AP_AWS_MOCKLOCATION_APPIUM1.5\appium\node_modules\appium-android-uiautomator2
60 silly install resolved []
61 info build D:\AP_AWS_MOCKLOCATION_APPIUM1.5\appium\node_modules\appium-android-uiautomator2
62 info linkStuff appium-android-uiautomator2@2.5.0
63 silly linkStuff appium-android-uiautomator2@2.5.0 has D:\AP_AWS_MOCKLOCATION_APPIUM1.5\appium\node_modules as its parent node_modules
64 verbose linkBins appium-android-uiautomator2@2.5.0
65 verbose link bins [ {},
65 verbose link bins   'D:\\AP_AWS_MOCKLOCATION_APPIUM1.5\\appium\\node_modules\\.bin',
65 verbose link bins   false ]
66 verbose linkMans appium-android-uiautomator2@2.5.0
67 verbose rebuildBundles appium-android-uiautomator2@2.5.0
68 verbose rebuildBundles [ '.bin',
68 verbose rebuildBundles   'appium-adb',
68 verbose rebuildBundles   'appium-gulp-plugins',
68 verbose rebuildBundles   'appium-logger',
68 verbose rebuildBundles   'appium-test-support',
68 verbose rebuildBundles   'appium-uiautomator',
68 verbose rebuildBundles   'babel-runtime',
68 verbose rebuildBundles   'bluebird',
68 verbose rebuildBundles   'chai',
68 verbose rebuildBundles   'chai-as-promised',
68 verbose rebuildBundles   'gulp',
68 verbose rebuildBundles   'lodash',
68 verbose rebuildBundles   'mobile-json-wire-protocol',
68 verbose rebuildBundles   'net',
68 verbose rebuildBundles   'source-map-support',
68 verbose rebuildBundles   'teen_process' ]
69 info install appium-android-uiautomator2@2.5.0
70 info postinstall appium-android-uiautomator2@2.5.0
71 info prepublish appium-android-uiautomator2@2.5.0
72 verbose unsafe-perm in lifecycle true
73 info appium-android-uiautomator2@2.5.0 Failed to exec prepublish script
74 verbose stack Error: appium-android-uiautomator2@2.5.0 prepublish: `gulp prepublish`
74 verbose stack Exit status 1
74 verbose stack     at EventEmitter.<anonymous> (C:\Program Files\nodejs\node_modules\npm\lib\utils\lifecycle.js:213:16)
74 verbose stack     at EventEmitter.emit (events.js:110:17)
74 verbose stack     at ChildProcess.<anonymous> (C:\Program Files\nodejs\node_modules\npm\lib\utils\spawn.js:24:14)
74 verbose stack     at ChildProcess.emit (events.js:110:17)
74 verbose stack     at maybeClose (child_process.js:1015:16)
74 verbose stack     at Process.ChildProcess._handle.onexit (child_process.js:1087:5)
75 verbose pkgid appium-android-uiautomator2@2.5.0
76 verbose cwd D:\AP_AWS_MOCKLOCATION_APPIUM1.5\appium\node_modules\appium-android-uiautomator2
77 error Windows_NT 6.3.9600
78 error argv "C:\\Program Files\\nodejs\\\\node.exe" "C:\\Program Files\\nodejs\\node_modules\\npm\\bin\\npm-cli.js" "install"
79 error node v0.12.7
80 error npm  v2.11.3
81 error code ELIFECYCLE
82 error appium-android-uiautomator2@2.5.0 prepublish: `gulp prepublish`
82 error Exit status 1
83 error Failed at the appium-android-uiautomator2@2.5.0 prepublish script 'gulp prepublish'.
83 error This is most likely a problem with the appium-android-uiautomator2 package,
83 error not with npm itself.
83 error Tell the author that this fails on your system:
83 error     gulp prepublish
83 error You can get their info via:
83 error     npm owner ls appium-android-uiautomator2
83 error There is likely additional logging output above.
84 verbose exit [ 1, true ]
